0 info it worked if it ends with ok
1 verbose cli [ '/usr/local/bin/node',
1 verbose cli   '/usr/local/bin/npm',
1 verbose cli   'install',
1 verbose cli   '-g',
1 verbose cli   'cordova' ]
2 info using npm@2.14.12
3 info using node@v4.3.1
4 verbose install initial load of /Users/yoonhoLee/.node/lib/package.json
5 verbose readDependencies loading dependencies from /Users/yoonhoLee/.node/lib/package.json
6 silly cache add args [ 'cordova', null ]
7 verbose cache add spec cordova
8 silly cache add parsed spec Result {
8 silly cache add   raw: 'cordova',
8 silly cache add   scope: null,
8 silly cache add   name: 'cordova',
8 silly cache add   rawSpec: '',
8 silly cache add   spec: 'latest',
8 silly cache add   type: 'tag' }
9 silly addNamed cordova@latest
10 verbose addNamed "latest" is being treated as a dist-tag for cordova
11 info addNameTag [ 'cordova', 'latest' ]
12 silly mapToRegistry name cordova
13 silly mapToRegistry using default registry
14 silly mapToRegistry registry https://registry.npmjs.org/
15 silly mapToRegistry uri https://registry.npmjs.org/cordova
16 verbose addNameTag registry:https://registry.npmjs.org/cordova not in flight; fetching
17 verbose request uri https://registry.npmjs.org/cordova
18 verbose request no auth needed
19 info attempt registry request try #1 at 3:32:24 PM
20 verbose request id e65368100f81c31c
21 verbose etag "EYM5NWBITKCUI8RBROY2JEUC4"
22 http request GET https://registry.npmjs.org/cordova
23 http 304 https://registry.npmjs.org/cordova
24 verbose headers { date: 'Tue, 12 Jul 2016 06:32:24 GMT',
24 verbose headers   via: '1.1 varnish',
24 verbose headers   'cache-control': 'max-age=300',
24 verbose headers   etag: '"EYM5NWBITKCUI8RBROY2JEUC4"',
24 verbose headers   age: '97',
24 verbose headers   connection: 'keep-alive',
24 verbose headers   'x-served-by': 'cache-nrt6122-NRT',
24 verbose headers   'x-cache': 'HIT',
24 verbose headers   'x-cache-hits': '1',
24 verbose headers   'x-timer': 'S1468305144.392881,VS0,VE0',
24 verbose headers   vary: 'Accept-Encoding' }
25 silly get cb [ 304,
25 silly get   { date: 'Tue, 12 Jul 2016 06:32:24 GMT',
25 silly get     via: '1.1 varnish',
25 silly get     'cache-control': 'max-age=300',
25 silly get     etag: '"EYM5NWBITKCUI8RBROY2JEUC4"',
25 silly get     age: '97',
25 silly get     connection: 'keep-alive',
25 silly get     'x-served-by': 'cache-nrt6122-NRT',
25 silly get     'x-cache': 'HIT',
25 silly get     'x-cache-hits': '1',
25 silly get     'x-timer': 'S1468305144.392881,VS0,VE0',
25 silly get     vary: 'Accept-Encoding' } ]
26 verbose etag https://registry.npmjs.org/cordova from cache
27 verbose get saving cordova to /Users/yoonhoLee/.npm/registry.npmjs.org/cordova/.cache.json
28 silly addNameTag next cb for cordova with tag latest
29 silly addNamed cordova@6.2.0
30 verbose addNamed "6.2.0" is a plain semver version for cordova
31 silly cache afterAdd cordova@6.2.0
32 verbose afterAdd /Users/yoonhoLee/.npm/cordova/6.2.0/package/package.json not in flight; writing
33 verbose afterAdd /Users/yoonhoLee/.npm/cordova/6.2.0/package/package.json written
34 silly install resolved [ { name: 'cordova',
34 silly install resolved     version: '6.2.0',
34 silly install resolved     preferGlobal: 'true',
34 silly install resolved     description: 'Cordova command line interface tool',
34 silly install resolved     main: 'cordova',
34 silly install resolved     engines: { node: '>=0.9.9' },
34 silly install resolved     engineStrict: true,
34 silly install resolved     bin: { cordova: './bin/cordova' },
34 silly install resolved     scripts:
34 silly install resolved      { test: 'node node_modules/jasmine-node/bin/jasmine-node --captureExceptions --color spec',
34 silly install resolved        cover: 'node node_modules/istanbul/lib/cli.js cover --root src --print detail node_modules/jasmine-node/bin/jasmine-node -- spec' },
34 silly install resolved     repository:
34 silly install resolved      { type: 'git',
34 silly install resolved        url: 'https://git-wip-us.apache.org/repos/asf/cordova-cli.git' },
34 silly install resolved     bugs:
34 silly install resolved      { url: 'https://issues.apache.org/jira/browse/CB',
34 silly install resolved        email: 'dev@cordova.apache.org' },
34 silly install resolved     keywords: [ 'cordova', 'client', 'cli' ],
34 silly install resolved     dependencies:
34 silly install resolved      { 'cordova-lib': '6.2.0',
34 silly install resolved        'cordova-common': '1.3.x',
34 silly install resolved        q: '1.0.1',
34 silly install resolved        nopt: '3.0.1',
34 silly install resolved        underscore: '1.7.0',
34 silly install resolved        'update-notifier': '^0.5.0',
34 silly install resolved        insight: '~0.8.2' },
34 silly install resolved     devDependencies:
34 silly install resolved      { istanbul: '^0.3.4',
34 silly install resolved        grunt: '0.4.5',
34 silly install resolved        'grunt-retire': '0.3.7',
34 silly install resolved        'jasmine-node': '1.14.5' },
34 silly install resolved     author: { name: 'Anis Kadri' },
34 silly install resolved     contributors:
34 silly install resolved      [ [Object],
34 silly install resolved        [Object],
34 silly install resolved        [Object],
34 silly install resolved        [Object],
34 silly install resolved        [Object],
34 silly install resolved        [Object],
34 silly install resolved        [Object],
34 silly install resolved        [Object],
34 silly install resolved        [Object],
34 silly install resolved        [Object],
34 silly install resolved        [Object],
34 silly install resolved        [Object],
34 silly install resolved        [Object],
34 silly install resolved        [Object],
34 silly install resolved        [Object],
34 silly install resolved        [Object],
34 silly install resolved        [Object],
34 silly install resolved        [Object],
34 silly install resolved        [Object],
34 silly install resolved        [Object],
34 silly install resolved        [Object],
34 silly install resolved        [Object],
34 silly install resolved        [Object],
34 silly install resolved        [Object] ],
34 silly install resolved     license: 'Apache-2.0',
34 silly install resolved     _id: 'cordova@6.2.0',
34 silly install resolved     _shasum: '8442ec6f4d4440bc124713d32139d78efa1b72ce',
34 silly install resolved     _resolved: 'https://registry.npmjs.org/cordova/-/cordova-6.2.0.tgz',
34 silly install resolved     _from: 'cordova@latest',
34 silly install resolved     _npmVersion: '3.9.0',
34 silly install resolved     _nodeVersion: '5.4.1',
34 silly install resolved     _npmUser: { name: 'stevegill', email: 'stevengill97@gmail.com' },
34 silly install resolved     dist:
34 silly install resolved      { shasum: '8442ec6f4d4440bc124713d32139d78efa1b72ce',
34 silly install resolved        tarball: 'https://registry.npmjs.org/cordova/-/cordova-6.2.0.tgz' },
34 silly install resolved     maintainers:
34 silly install resolved      [ [Object],
34 silly install resolved        [Object],
34 silly install resolved        [Object],
34 silly install resolved        [Object],
34 silly install resolved        [Object],
34 silly install resolved        [Object],
34 silly install resolved        [Object],
34 silly install resolved        [Object],
34 silly install resolved        [Object],
34 silly install resolved        [Object],
34 silly install resolved        [Object],
34 silly install resolved        [Object],
34 silly install resolved        [Object],
34 silly install resolved        [Object],
34 silly install resolved        [Object],
34 silly install resolved        [Object],
34 silly install resolved        [Object],
34 silly install resolved        [Object] ],
34 silly install resolved     _npmOperationalInternal:
34 silly install resolved      { host: 'packages-12-west.internal.npmjs.com',
34 silly install resolved        tmp: 'tmp/cordova-6.2.0.tgz_1464130173210_0.7832138144876808' },
34 silly install resolved     directories: {},
34 silly install resolved     readme: 'ERROR: No README data found!' } ]
35 info install cordova@6.2.0 into /Users/yoonhoLee/.node/lib
36 info installOne cordova@6.2.0
37 verbose installOne of cordova to /Users/yoonhoLee/.node/lib not in flight; installing
38 verbose lock using /Users/yoonhoLee/.npm/_locks/cordova-a9313a73f18ba199.lock for /Users/yoonhoLee/.node/lib/node_modules/cordova
39 silly install write writing cordova 6.2.0 to /Users/yoonhoLee/.node/lib/node_modules/cordova
40 verbose unbuild lib/node_modules/cordova
41 info preuninstall cordova@6.2.0
42 info uninstall cordova@6.2.0
43 verbose unbuild rmStuff cordova@6.2.0 from /Users/yoonhoLee/.node/lib/node_modules
44 silly gentlyRm /Users/yoonhoLee/.node/bin/cordova is being gently removed
45 silly gentlyRm verifying /Users/yoonhoLee/.node is an npm working directory
46 silly gentlyRm containing path /Users/yoonhoLee/.node is under npm's control, in /Users/yoonhoLee/.node
47 silly gentlyRm deletion target /Users/yoonhoLee/.node/bin/cordova is under /Users/yoonhoLee/.node
48 verbose gentlyRm vacuuming from /Users/yoonhoLee/.node/bin/cordova up to /Users/yoonhoLee/.node
49 silly vacuum-fs removing /Users/yoonhoLee/.node/bin/cordova
50 verbose unlock done using /Users/yoonhoLee/.npm/_locks/cordova-a9313a73f18ba199.lock for /Users/yoonhoLee/.node/lib/node_modules/cordova
51 verbose stack Error: EACCES: permission denied, unlink '/Users/yoonhoLee/.node/bin/cordova'
51 verbose stack     at Error (native)
52 verbose cwd /Users/yoonhoLee/WebstormProjects/typist-app/Typist
53 error Darwin 15.5.0
54 error argv "/usr/local/bin/node" "/usr/local/bin/npm" "install" "-g" "cordova"
55 error node v4.3.1
56 error npm  v2.14.12
57 error path /Users/yoonhoLee/.node/bin/cordova
58 error code EACCES
59 error errno -13
60 error syscall unlink
61 error Error: EACCES: permission denied, unlink '/Users/yoonhoLee/.node/bin/cordova'
61 error     at Error (native)
61 error  { [Error: EACCES: permission denied, unlink '/Users/yoonhoLee/.node/bin/cordova']
61 error   errno: -13,
61 error   code: 'EACCES',
61 error   syscall: 'unlink',
61 error   path: '/Users/yoonhoLee/.node/bin/cordova' }
62 error Please try running this command again as root/Administrator.
63 verbose exit [ -13, true ]
64 verbose unbuild lib/node_modules/cordova
65 info preuninstall cordova@6.2.0
66 info uninstall cordova@6.2.0
67 verbose unbuild rmStuff cordova@6.2.0 from /Users/yoonhoLee/.node/lib/node_modules
68 silly gentlyRm /Users/yoonhoLee/.node/bin/cordova is being gently removed
69 silly gentlyRm verifying /Users/yoonhoLee/.node is an npm working directory
70 silly gentlyRm containing path /Users/yoonhoLee/.node is under npm's control, in /Users/yoonhoLee/.node
71 silly gentlyRm deletion target /Users/yoonhoLee/.node/bin/cordova is under /Users/yoonhoLee/.node
72 verbose gentlyRm vacuuming from /Users/yoonhoLee/.node/bin/cordova up to /Users/yoonhoLee/.node
73 silly vacuum-fs removing /Users/yoonhoLee/.node/bin/cordova
74 error error rolling back Error: EACCES: permission denied, unlink '/Users/yoonhoLee/.node/bin/cordova'
74 error error rolling back     at Error (native)
74 error error rolling back  { [Error: EACCES: permission denied, unlink '/Users/yoonhoLee/.node/bin/cordova']
74 error error rolling back   errno: -13,
74 error error rolling back   code: 'EACCES',
74 error error rolling back   syscall: 'unlink',
74 error error rolling back   path: '/Users/yoonhoLee/.node/bin/cordova' }
